<?xml version="1.0" encoding="UTF-8"?>
<testng-results skipped="0" failed="0" ignored="0" total="1" passed="1">
  <reporter-output>
  </reporter-output>
  <suite name="Default suite" duration-ms="18587" started-at="2019-06-07T12:13:33Z" finished-at="2019-06-07T12:13:51Z">
    <groups>
    </groups>
    <test name="Default test" duration-ms="18587" started-at="2019-06-07T12:13:33Z" finished-at="2019-06-07T12:13:51Z">
      <class name="com.seleniumdemo.seleniumcasetest.testcase">
        <test-method status="PASS" signature="disp()[pri:0, instance:com.seleniumdemo.seleniumcasetest.testcase@1b604f19]" name="disp" duration-ms="18532" started-at="2019-06-07T12:13:33Z" finished-at="2019-06-07T12:13:51Z">
          <reporter-output>
          </reporter-output>
        </test-method> <!-- disp -->
      </class> <!-- com.seleniumdemo.seleniumcasetest.testcase -->
    </test> <!-- Default test -->
  </suite> <!-- Default suite -->
</testng-results>
